c:\users\apple\desktop\wpf2\use - 副本\clrclient\debug\clrclient.pch
c:\users\apple\desktop\wpf2\use - 副本\clrclient\debug\vc120.pdb
c:\users\apple\desktop\wpf2\use - 副本\clrclient\debug\stdafx.obj
c:\users\apple\desktop\wpf2\use - 副本\clrclient\debug\clrclient.obj
c:\users\apple\desktop\wpf2\use - 副本\clrclient\debug\assemblyinfo.obj
c:\users\apple\desktop\wpf2\use - 副本\clrclient\debug\.netframework,version=v4.5.assemblyattributes.obj
c:\users\apple\desktop\wpf2\use - 副本\debug\clrclient.dll
c:\users\apple\desktop\wpf2\use - 副本\debug\clrclient.pdb
c:\users\apple\desktop\wpf2\use - 副本\clrclient\debug\app.res
c:\users\apple\desktop\wpf2\use - 副本\clrclient\debug\clrclient.vcxprojresolveassemblyreference.cache
c:\users\apple\desktop\wpf2\use - 副本\clrclient\debug\clrclient.tlog\cl.command.1.tlog
c:\users\apple\desktop\wpf2\use - 副本\clrclient\debug\clrclient.tlog\cl.read.1.tlog
c:\users\apple\desktop\wpf2\use - 副本\clrclient\debug\clrclient.tlog\cl.write.1.tlog
c:\users\apple\desktop\wpf2\use - 副本\clrclient\debug\clrclient.tlog\link.command.1.tlog
c:\users\apple\desktop\wpf2\use - 副本\clrclient\debug\clrclient.tlog\link.read.1.tlog
c:\users\apple\desktop\wpf2\use - 副本\clrclient\debug\clrclient.tlog\link.write.1.tlog
c:\users\apple\desktop\wpf2\use - 副本\clrclient\debug\clrclient.tlog\metagen.read.1.tlog
c:\users\apple\desktop\wpf2\use - 副本\clrclient\debug\clrclient.tlog\metagen.write.1.tlog
c:\users\apple\desktop\wpf2\use - 副本\clrclient\debug\clrclient.tlog\rc.command.1.tlog
c:\users\apple\desktop\wpf2\use - 副本\clrclient\debug\clrclient.tlog\rc.read.1.tlog
c:\users\apple\desktop\wpf2\use - 副本\clrclient\debug\clrclient.tlog\rc.write.1.tlog
c:\users\apple\desktop\wpf2\use - 副本\clrclient\debug\clrclient.tlog\rsaenh.dll.bi
c:\users\apple\desktop\wpf2\use - 副本\clrclient\debug\clrclient.tlog\tzres.dll.bi
