c:\users\apple\desktop\wpf2\use - 副本\test - 副本\sever\debug\vc120.pdb
c:\users\apple\desktop\wpf2\use - 副本\test - 副本\sever\debug\vc120.idb
c:\users\apple\desktop\wpf2\use - 副本\test - 副本\sever\debug\cpp11-blockingqueue.obj
c:\users\apple\desktop\wpf2\use - 副本\test - 副本\sever\debug\display.obj
c:\users\apple\desktop\wpf2\use - 副本\test - 副本\sever\debug\filemgr.obj
c:\users\apple\desktop\wpf2\use - 副本\test - 副本\sever\debug\filesystem.obj
c:\users\apple\desktop\wpf2\use - 副本\test - 副本\sever\debug\message.obj
c:\users\apple\desktop\wpf2\use - 副本\test - 副本\sever\debug\sever.obj
c:\users\apple\desktop\wpf2\use - 副本\test - 副本\sever\debug\abstractcomunicator.obj
c:\users\apple\desktop\wpf2\use - 副本\test - 副本\sever\debug\sockets.obj
c:\users\apple\desktop\wpf2\use - 副本\test - 副本\sever\debug\locks.obj
c:\users\apple\desktop\wpf2\use - 副本\debug\sever.ilk
c:\users\apple\desktop\wpf2\use - 副本\debug\sever.exe
c:\users\apple\desktop\wpf2\use - 副本\debug\sever.pdb
c:\users\apple\desktop\wpf2\use - 副本\test - 副本\sever\debug\sever.tlog\cl.command.1.tlog
c:\users\apple\desktop\wpf2\use - 副本\test - 副本\sever\debug\sever.tlog\cl.read.1.tlog
c:\users\apple\desktop\wpf2\use - 副本\test - 副本\sever\debug\sever.tlog\cl.write.1.tlog
c:\users\apple\desktop\wpf2\use - 副本\test - 副本\sever\debug\sever.tlog\link.command.1.tlog
c:\users\apple\desktop\wpf2\use - 副本\test - 副本\sever\debug\sever.tlog\link.read.1.tlog
c:\users\apple\desktop\wpf2\use - 副本\test - 副本\sever\debug\sever.tlog\link.write.1.tlog
