c:\users\apple\desktop\wpf2\use - 副本\test - 副本\client\debug\vc120.pdb
c:\users\apple\desktop\wpf2\use - 副本\test - 副本\client\debug\vc120.idb
c:\users\apple\desktop\wpf2\use - 副本\test - 副本\client\debug\cpp11-blockingqueue.obj
c:\users\apple\desktop\wpf2\use - 副本\test - 副本\client\debug\display.obj
c:\users\apple\desktop\wpf2\use - 副本\test - 副本\client\debug\filemgr.obj
c:\users\apple\desktop\wpf2\use - 副本\test - 副本\client\debug\filesystem.obj
c:\users\apple\desktop\wpf2\use - 副本\test - 副本\client\debug\message.obj
c:\users\apple\desktop\wpf2\use - 副本\test - 副本\client\debug\abstractcomunicator.obj
c:\users\apple\desktop\wpf2\use - 副本\test - 副本\client\debug\sockets.obj
c:\users\apple\desktop\wpf2\use - 副本\test - 副本\client\debug\locks.obj
c:\users\apple\desktop\wpf2\use - 副本\test - 副本\client\debug\client.obj
c:\users\apple\desktop\wpf2\use - 副本\debug\client.lib
c:\users\apple\desktop\wpf2\use - 副本\debug\client.exp
c:\users\apple\desktop\wpf2\use - 副本\debug\client.ilk
c:\users\apple\desktop\wpf2\use - 副本\debug\client.dll
c:\users\apple\desktop\wpf2\use - 副本\debug\client.pdb
c:\users\apple\desktop\wpf2\use - 副本\test - 副本\client\debug\client.vcxprojresolveassemblyreference.cache
c:\users\apple\desktop\wpf2\use - 副本\test - 副本\client\debug\client.tlog\cl.command.1.tlog
c:\users\apple\desktop\wpf2\use - 副本\test - 副本\client\debug\client.tlog\cl.read.1.tlog
c:\users\apple\desktop\wpf2\use - 副本\test - 副本\client\debug\client.tlog\cl.write.1.tlog
c:\users\apple\desktop\wpf2\use - 副本\test - 副本\client\debug\client.tlog\client.write.1u.tlog
c:\users\apple\desktop\wpf2\use - 副本\test - 副本\client\debug\client.tlog\link.command.1.tlog
c:\users\apple\desktop\wpf2\use - 副本\test - 副本\client\debug\client.tlog\link.read.1.tlog
c:\users\apple\desktop\wpf2\use - 副本\test - 副本\client\debug\client.tlog\link.write.1.tlog
